Determining if the pthread_create exist failed with the following output:
Change Dir: /mnt/c/Users/cucko/Desktop/OS-Assigments/paging_mgmt/build/CMakeFiles/CMakeTmp

Run Build Command:"/usr/bin/make" "cmTC_3d8d2/fast"
/usr/bin/make -f CMakeFiles/cmTC_3d8d2.dir/build.make CMakeFiles/cmTC_3d8d2.dir/build
make[1]: Entering directory '/mnt/c/Users/cucko/Desktop/OS-Assigments/paging_mgmt/build/CMakeFiles/CMakeTmp'
Building C object CMakeFiles/cmTC_3d8d2.dir/CheckSymbolExists.c.o
/usr/bin/cc    -o CMakeFiles/cmTC_3d8d2.dir/CheckSymbolExists.c.o   -c /mnt/c/Users/cucko/Desktop/OS-Assigments/paging_mgmt/build/CMakeFiles/CMakeTmp/CheckSymbolExists.c
Linking C executable cmTC_3d8d2
/usr/bin/cmake -E cmake_link_script CMakeFiles/cmTC_3d8d2.dir/link.txt --verbose=1
/usr/bin/cc      CMakeFiles/cmTC_3d8d2.dir/CheckSymbolExists.c.o  -o cmTC_3d8d2 
CMakeFiles/cmTC_3d8d2.dir/CheckSymbolExists.c.o: In function `main':
CheckSymbolExists.c:(.text+0x1b): undefined reference to `pthread_create'
collect2: error: ld returned 1 exit status
CMakeFiles/cmTC_3d8d2.dir/build.make:97: recipe for target 'cmTC_3d8d2' failed
make[1]: *** [cmTC_3d8d2] Error 1
make[1]: Leaving directory '/mnt/c/Users/cucko/Desktop/OS-Assigments/paging_mgmt/build/CMakeFiles/CMakeTmp'
Makefile:126: recipe for target 'cmTC_3d8d2/fast' failed
make: *** [cmTC_3d8d2/fast] Error 2

File /mnt/c/Users/cucko/Desktop/OS-Assigments/paging_mgmt/build/CMakeFiles/CMakeTmp/CheckSymbolExists.c:
/* */
#include <pthread.h>

int main(int argc, char** argv)
{
  (void)argv;
#ifndef pthread_create
  return ((int*)(&pthread_create))[argc];
#else
  (void)argc;
  return 0;
#endif
}

Determining if the function pthread_create exists in the pthreads failed with the following output:
Change Dir: /mnt/c/Users/cucko/Desktop/OS-Assigments/paging_mgmt/build/CMakeFiles/CMakeTmp

Run Build Command:"/usr/bin/make" "cmTC_8394c/fast"
/usr/bin/make -f CMakeFiles/cmTC_8394c.dir/build.make CMakeFiles/cmTC_8394c.dir/build
make[1]: Entering directory '/mnt/c/Users/cucko/Desktop/OS-Assigments/paging_mgmt/build/CMakeFiles/CMakeTmp'
Building C object CMakeFiles/cmTC_8394c.dir/CheckFunctionExists.c.o
/usr/bin/cc   -DCHECK_FUNCTION_EXISTS=pthread_create   -o CMakeFiles/cmTC_8394c.dir/CheckFunctionExists.c.o   -c /usr/share/cmake-3.10/Modules/CheckFunctionExists.c
Linking C executable cmTC_8394c
/usr/bin/cmake -E cmake_link_script CMakeFiles/cmTC_8394c.dir/link.txt --verbose=1
/usr/bin/cc  -DCHECK_FUNCTION_EXISTS=pthread_create    CMakeFiles/cmTC_8394c.dir/CheckFunctionExists.c.o  -o cmTC_8394c -lpthreads 
/usr/bin/ld: cannot find -lpthreads
collect2: error: ld returned 1 exit status
CMakeFiles/cmTC_8394c.dir/build.make:97: recipe for target 'cmTC_8394c' failed
make[1]: *** [cmTC_8394c] Error 1
make[1]: Leaving directory '/mnt/c/Users/cucko/Desktop/OS-Assigments/paging_mgmt/build/CMakeFiles/CMakeTmp'
Makefile:126: recipe for target 'cmTC_8394c/fast' failed
make: *** [cmTC_8394c/fast] Error 2


